<?xml version="1.0" encoding="UTF-8"?>
<!-- Generated by org.testng.reporters.JUnitReportReporter -->
<testsuite skipped="0" hostname="Rajans-MacBook-Air.local" name="testScripts.verifyPage" tests="1" failures="0" timestamp="2021-04-18T18:36:35 IST" time="0.267" errors="0">
  <testcase name="openCalculator" time="0.267" classname="testScripts.verifyPage"/>
  <system-out/>
</testsuite> <!-- testScripts.verifyPage -->
