<?xml version="1.0" encoding="UTF-8"?>
<testsuite name="testScripts.verifyPage" tests="1" skipped="0" failures="0" errors="0" timestamp="2021-05-09T17:45:38" hostname="Rajans-MacBook-Air.local" time="0.272">
  <properties/>
  <testcase name="openCalculator2" classname="testScripts.verifyPage" time="0.272"/>
  <system-out><![CDATA[]]></system-out>
  <system-err><![CDATA[]]></system-err>
</testsuite>
